2023-03-22 16:45:17.788 [main] INFO  calculator.Calculator-[SQROOT]-3.0
2023-03-22 16:45:17.789 [main] INFO  calculator.Calculator-[RESULT-SQROOT]-1.7320508075688772
2023-03-22 16:45:17.789 [main] INFO  calculator.Calculator-[SQROOT]-4.0
2023-03-22 16:45:17.790 [main] INFO  calculator.Calculator-[RESULT-SQROOT]-2.0
2023-03-22 16:45:17.790 [main] INFO  calculator.Calculator-[NATURALLOG]-1.0
2023-03-22 16:45:17.790 [main] INFO  calculator.Calculator-[RESULT-NATURALLOG]-0.0
2023-03-22 16:45:17.791 [main] INFO  calculator.Calculator-[NATURALLOG]-300.0
2023-03-22 16:45:17.791 [main] INFO  calculator.Calculator-[RESULT-NATURALLOG]-5.703782474656201
2023-03-22 16:45:17.791 [main] INFO  calculator.Calculator-[NATURALLOG]-2.4
2023-03-22 16:45:17.791 [main] INFO  calculator.Calculator-[RESULT-NATURALLOG]-0.8754687373538999
2023-03-22 16:45:17.791 [main] INFO  calculator.Calculator-[NATURALLOG]-2.1
2023-03-22 16:45:17.791 [main] INFO  calculator.Calculator-[RESULT-NATURALLOG]-0.7419373447293773
2023-03-22 16:45:17.792 [main] INFO  calculator.Calculator-[FACTORIAL]-3
2023-03-22 16:45:17.792 [main] INFO  calculator.Calculator-[RESULT-FACTORIAL]-6
2023-03-22 16:45:17.792 [main] INFO  calculator.Calculator-[FACTORIAL]-6
2023-03-22 16:45:17.792 [main] INFO  calculator.Calculator-[RESULT-FACTORIAL]-720
2023-03-22 16:45:17.792 [main] INFO  calculator.Calculator-[FACTORIAL]-5
2023-03-22 16:45:17.792 [main] INFO  calculator.Calculator-[RESULT-FACTORIAL]-120
2023-03-22 16:45:17.792 [main] INFO  calculator.Calculator-[FACTORIAL]-10
2023-03-22 16:45:17.792 [main] INFO  calculator.Calculator-[RESULT-FACTORIAL]-3628800
2023-03-22 16:45:17.793 [main] INFO  calculator.Calculator-[POWER-2.0RAISEDTO]5.0
2023-03-22 16:45:17.793 [main] INFO  calculator.Calculator-[RESULT-POWER]-32.0
2023-03-22 16:45:17.793 [main] INFO  calculator.Calculator-[POWER-9.0RAISEDTO]2.0
2023-03-22 16:45:17.793 [main] INFO  calculator.Calculator-[RESULT-POWER]-81.0
2023-03-22 16:45:17.793 [main] INFO  calculator.Calculator-[POWER-2.0RAISEDTO]2.0
2023-03-22 16:45:17.793 [main] INFO  calculator.Calculator-[RESULT-POWER]-4.0
2023-03-22 16:45:17.793 [main] INFO  calculator.Calculator-[POWER--2.0RAISEDTO]20.0
2023-03-22 16:45:17.794 [main] INFO  calculator.Calculator-[RESULT-POWER]-1048576.0
2023-03-22 16:45:17.794 [main] INFO  calculator.Calculator-[SQROOT]-121.0
2023-03-22 16:45:17.794 [main] INFO  calculator.Calculator-[RESULT-SQROOT]-11.0
2023-03-22 16:45:17.794 [main] INFO  calculator.Calculator-[SQROOT]-14641.0
2023-03-22 16:45:17.794 [main] INFO  calculator.Calculator-[RESULT-SQROOT]-121.0
2023-03-22 16:45:43.862 [main] INFO  calculator.Calculator-[FACTORIAL]-4
2023-03-22 16:45:43.863 [main] INFO  calculator.Calculator-[RESULT-FACTORIAL]-24
2023-03-22 16:45:46.451 [main] INFO  calculator.Calculator-[SQROOT]-3.0
2023-03-22 16:45:46.451 [main] INFO  calculator.Calculator-[RESULT-SQROOT]-1.7320508075688772
2023-03-22 16:45:49.797 [main] INFO  calculator.Calculator-[NATURALLOG]-128.0
2023-03-22 16:45:49.798 [main] INFO  calculator.Calculator-[RESULT-NATURALLOG]-4.852030263919617
2023-03-22 16:45:55.436 [main] INFO  calculator.Calculator-[POWER-1.0RAISEDTO]2.0
2023-03-22 16:45:55.437 [main] INFO  calculator.Calculator-[RESULT-POWER]-1.0
